# JRE version: OpenJDK Runtime Environment (11.0.10) (build 11.0.10+0-b96-7249189)
# Java VM: OpenJDK 64-Bit Server VM (11.0.10+0-b96-7249189, mixed mode, tiered, compressed oops, g1 gc, windows-amd64)
Heap:
 garbage-first heap   total 134144K, used 79014K [0x0000000080000000, 0x0000000100000000)
  region size 1024K, 22 young (22528K), 4 survivors (4096K)
 Metaspace       used 78766K, capacity 80857K, committed 81024K, reserved 1120256K
  class space    used 10323K, capacity 11129K, committed 11136K, reserved 1048576K
GC Heap History (20 events):
Event: 23.958 GC heap before
{Heap before GC invocations=47 (full 0):
 garbage-first heap   total 76800K, used 61855K [0x0000000080000000, 0x0000000100000000)
  region size 1024K, 14 young (14336K), 2 survivors (2048K)
 Metaspace       used 63221K, capacity 64703K, committed 65024K, reserved 1105920K
  class space    used 8040K, capacity 8595K, committed 8704K, reserved 1048576K
}
Event: 23.963 GC heap after
{Heap after GC invocations=48 (full 0):
 garbage-first heap   total 76800K, used 48988K [0x0000000080000000, 0x0000000100000000)
  region size 1024K, 2 young (2048K), 2 survivors (2048K)
 Metaspace       used 63221K, capacity 64703K, committed 65024K, reserved 1105920K
  class space    used 8040K, capacity 8595K, committed 8704K, reserved 1048576K
}
Event: 24.148 GC heap before
{Heap before GC invocations=48 (full 0):
 garbage-first heap   total 76800K, used 61276K [0x0000000080000000, 0x0000000100000000)
  region size 1024K, 14 young (14336K), 2 survivors (2048K)
 Metaspace       used 63285K, capacity 64807K, committed 65024K, reserved 1105920K
  class space    used 8047K, capacity 8631K, committed 8704K, reserved 1048576K
}
Event: 24.156 GC heap after
{Heap after GC invocations=49 (full 0):
 garbage-first heap   total 92160K, used 50471K [0x0000000080000000, 0x0000000100000000)
  region size 1024K, 2 young (2048K), 2 survivors (2048K)
 Metaspace       used 63285K, capacity 64807K, committed 65024K, reserved 1105920K
  class space    used 8047K, capacity 8631K, committed 8704K, reserved 1048576K
}
Event: 24.744 GC heap before
{Heap before GC invocations=50 (full 0):
 garbage-first heap   total 92160K, used 68903K [0x0000000080000000, 0x0000000100000000)
  region size 1024K, 20 young (20480K), 2 survivors (2048K)
 Metaspace       used 64791K, capacity 66318K, committed 66432K, reserved 1107968K
  class space    used 8249K, capacity 8793K, committed 8832K, reserved 1048576K
}
Event: 24.749 GC heap after
{Heap after GC invocations=51 (full 0):
 garbage-first heap   total 92160K, used 52121K [0x0000000080000000, 0x0000000100000000)
  region size 1024K, 3 young (3072K), 3 survivors (3072K)
 Metaspace       used 64791K, capacity 66318K, committed 66432K, reserved 1107968K
  class space    used 8249K, capacity 8793K, committed 8832K, reserved 1048576K
}
Event: 25.678 GC heap before
{Heap before GC invocations=51 (full 0):
 garbage-first heap   total 92160K, used 70553K [0x0000000080000000, 0x0000000100000000)
  region size 1024K, 21 young (21504K), 3 survivors (3072K)
 Metaspace       used 67532K, capacity 69174K, committed 69248K, reserved 1110016K
  class space    used 8739K, capacity 9317K, committed 9344K, reserved 1048576K
}
Event: 25.684 GC heap after
{Heap after GC invocations=52 (full 0):
 garbage-first heap   total 92160K, used 53185K [0x0000000080000000, 0x0000000100000000)
  region size 1024K, 3 young (3072K), 3 survivors (3072K)
 Metaspace       used 67532K, capacity 69174K, committed 69248K, reserved 1110016K
  class space    used 8739K, capacity 9317K, committed 9344K, reserved 1048576K
}
Event: 26.274 GC heap before
{Heap before GC invocations=53 (full 0):
 garbage-first heap   total 92160K, used 71617K [0x0000000080000000, 0x0000000100000000)
  region size 1024K, 21 young (21504K), 3 survivors (3072K)
 Metaspace       used 69099K, capacity 70804K, committed 71040K, reserved 1110016K
  class space    used 8955K, capacity 9573K, committed 9600K, reserved 1048576K
}
Event: 26.279 GC heap after
{Heap after GC invocations=54 (full 0):
 garbage-first heap   total 92160K, used 54627K [0x0000000080000000, 0x0000000100000000)
  region size 1024K, 3 young (3072K), 3 survivors (3072K)
 Metaspace       used 69099K, capacity 70804K, committed 71040K, reserved 1110016K
  class space    used 8955K, capacity 9573K, committed 9600K, reserved 1048576K
}
Event: 26.798 GC heap before
{Heap before GC invocations=54 (full 0):
 garbage-first heap   total 92160K, used 73059K [0x0000000080000000, 0x0000000100000000)
  region size 1024K, 21 young (21504K), 3 survivors (3072K)
 Metaspace       used 70438K, capacity 72095K, committed 72320K, reserved 1112064K
  class space    used 9161K, capacity 9782K, committed 9856K, reserved 1048576K
}
Event: 26.810 GC heap after
{Heap after GC invocations=55 (full 0):
 garbage-first heap   total 110592K, used 55832K [0x0000000080000000, 0x0000000100000000)
  region size 1024K, 3 young (3072K), 3 survivors (3072K)
 Metaspace       used 70438K, capacity 72095K, committed 72320K, reserved 1112064K
  class space    used 9161K, capacity 9782K, committed 9856K, reserved 1048576K
}
Event: 27.710 GC heap before
{Heap before GC invocations=56 (full 0):
 garbage-first heap   total 110592K, used 82456K [0x0000000080000000, 0x0000000100000000)
  region size 1024K, 29 young (29696K), 3 survivors (3072K)
 Metaspace       used 73198K, capacity 74923K, committed 75008K, reserved 1114112K
  class space    used 9572K, capacity 10213K, committed 10240K, reserved 1048576K
}
Event: 27.718 GC heap after
{Heap after GC invocations=57 (full 0):
 garbage-first heap   total 110592K, used 57032K [0x0000000080000000, 0x0000000100000000)
  region size 1024K, 3 young (3072K), 3 survivors (3072K)
 Metaspace       used 73198K, capacity 74923K, committed 75008K, reserved 1114112K
  class space    used 9572K, capacity 10213K, committed 10240K, reserved 1048576K
}
Event: 28.754 GC heap before
{Heap before GC invocations=57 (full 0):
 garbage-first heap   total 110592K, used 83656K [0x0000000080000000, 0x0000000100000000)
  region size 1024K, 29 young (29696K), 3 survivors (3072K)
 Metaspace       used 76491K, capacity 78335K, committed 78592K, reserved 1118208K
  class space    used 9992K, capacity 10651K, committed 10752K, reserved 1048576K
}
Event: 28.769 GC heap after
{Heap after GC invocations=58 (full 0):
 garbage-first heap   total 110592K, used 59337K [0x0000000080000000, 0x0000000100000000)
  region size 1024K, 4 young (4096K), 4 survivors (4096K)
 Metaspace       used 76491K, capacity 78335K, committed 78592K, reserved 1118208K
  class space    used 9992K, capacity 10651K, committed 10752K, reserved 1048576K
}
Event: 29.830 GC heap before
{Heap before GC invocations=59 (full 0):
 garbage-first heap   total 110592K, used 84937K [0x0000000080000000, 0x0000000100000000)
  region size 1024K, 30 young (30720K), 4 survivors (4096K)
 Metaspace       used 78083K, capacity 80180K, committed 80256K, reserved 1118208K
  class space    used 10273K, capacity 11069K, committed 11136K, reserved 1048576K
}
Event: 29.858 GC heap after
{Heap after GC invocations=60 (full 0):
 garbage-first heap   total 110592K, used 61088K [0x0000000080000000, 0x0000000100000000)
  region size 1024K, 4 young (4096K), 4 survivors (4096K)
 Metaspace       used 78083K, capacity 80180K, committed 80256K, reserved 1118208K
  class space    used 10273K, capacity 11069K, committed 11136K, reserved 1048576K
}
Event: 30.782 GC heap before
{Heap before GC invocations=60 (full 0):
 garbage-first heap   total 110592K, used 86688K [0x0000000080000000, 0x0000000100000000)
  region size 1024K, 30 young (30720K), 4 survivors (4096K)
 Metaspace       used 78531K, capacity 80613K, committed 80768K, reserved 1118208K
  class space    used 10306K, capacity 11119K, committed 11136K, reserved 1048576K
}
Event: 30.805 GC heap after
{Heap after GC invocations=61 (full 0):
 garbage-first heap   total 134144K, used 62630K [0x0000000080000000, 0x0000000100000000)
  region size 1024K, 4 young (4096K), 4 survivors (4096K)
 Metaspace       used 78531K, capacity 80613K, committed 80768K, reserved 1118208K
  class space    used 10306K, capacity 11119K, committed 11136K, reserved 1048576K
}

