# JRE version: OpenJDK Runtime Environment (11.0.10) (build 11.0.10+0-b96-7249189)
# Java VM: OpenJDK 64-Bit Server VM (11.0.10+0-b96-7249189, mixed mode, tiered, compressed oops, g1 gc, windows-amd64)
Heap:
 garbage-first heap   total 204800K, used 144782K [0x0000000080000000, 0x0000000100000000)
  region size 1024K, 9 young (9216K), 3 survivors (3072K)
 Metaspace       used 119047K, capacity 122343K, committed 122496K, reserved 1155072K
  class space    used 15416K, capacity 16645K, committed 16768K, reserved 1048576K
GC Heap History (20 events):
Event: 27.490 GC heap before
{Heap before GC invocations=60 (full 0):
 garbage-first heap   total 204800K, used 150728K [0x0000000080000000, 0x0000000100000000)
  region size 1024K, 61 young (62464K), 6 survivors (6144K)
 Metaspace       used 96303K, capacity 98943K, committed 99072K, reserved 1134592K
  class space    used 12520K, capacity 13490K, committed 13568K, reserved 1048576K
}
Event: 27.503 GC heap after
{Heap after GC invocations=61 (full 0):
 garbage-first heap   total 204800K, used 99505K [0x0000000080000000, 0x0000000100000000)
  region size 1024K, 8 young (8192K), 8 survivors (8192K)
 Metaspace       used 96303K, capacity 98943K, committed 99072K, reserved 1134592K
  class space    used 12520K, capacity 13490K, committed 13568K, reserved 1048576K
}
Event: 71.288 GC heap before
{Heap before GC invocations=61 (full 0):
 garbage-first heap   total 204800K, used 160945K [0x0000000080000000, 0x0000000100000000)
  region size 1024K, 69 young (70656K), 8 survivors (8192K)
 Metaspace       used 101089K, capacity 103965K, committed 104192K, reserved 1138688K
  class space    used 13031K, capacity 14040K, committed 14080K, reserved 1048576K
}
Event: 71.369 GC heap after
{Heap after GC invocations=62 (full 0):
 garbage-first heap   total 204800K, used 102206K [0x0000000080000000, 0x0000000100000000)
  region size 1024K, 7 young (7168K), 7 survivors (7168K)
 Metaspace       used 101089K, capacity 103965K, committed 104192K, reserved 1138688K
  class space    used 13031K, capacity 14040K, committed 14080K, reserved 1048576K
}
Event: 335.493 GC heap before
{Heap before GC invocations=62 (full 0):
 garbage-first heap   total 204800K, used 165694K [0x0000000080000000, 0x0000000100000000)
  region size 1024K, 69 young (70656K), 7 survivors (7168K)
 Metaspace       used 105560K, capacity 108673K, committed 108800K, reserved 1142784K
  class space    used 13692K, capacity 14810K, committed 14848K, reserved 1048576K
}
Event: 336.097 GC heap after
{Heap after GC invocations=63 (full 0):
 garbage-first heap   total 204800K, used 104059K [0x0000000080000000, 0x0000000100000000)
  region size 1024K, 5 young (5120K), 5 survivors (5120K)
 Metaspace       used 105560K, capacity 108673K, committed 108800K, reserved 1142784K
  class space    used 13692K, capacity 14810K, committed 14848K, reserved 1048576K
}
Event: 1699.600 GC heap before
{Heap before GC invocations=64 (full 0):
 garbage-first heap   total 204800K, used 165499K [0x0000000080000000, 0x0000000100000000)
  region size 1024K, 66 young (67584K), 5 survivors (5120K)
 Metaspace       used 106405K, capacity 109308K, committed 109696K, reserved 1144832K
  class space    used 13691K, capacity 14743K, committed 14976K, reserved 1048576K
}
Event: 1699.870 GC heap after
{Heap after GC invocations=65 (full 0):
 garbage-first heap   total 204800K, used 104806K [0x0000000080000000, 0x0000000100000000)
  region size 1024K, 6 young (6144K), 6 survivors (6144K)
 Metaspace       used 106405K, capacity 109308K, committed 109696K, reserved 1144832K
  class space    used 13691K, capacity 14743K, committed 14976K, reserved 1048576K
}
Event: 1706.879 GC heap before
{Heap before GC invocations=65 (full 0):
 garbage-first heap   total 204800K, used 154982K [0x0000000080000000, 0x0000000100000000)
  region size 1024K, 56 young (57344K), 6 survivors (6144K)
 Metaspace       used 108673K, capacity 111787K, committed 112000K, reserved 1146880K
  class space    used 13997K, capacity 15110K, committed 15232K, reserved 1048576K
}
Event: 1707.030 GC heap after
{Heap after GC invocations=66 (full 0):
 garbage-first heap   total 204800K, used 108815K [0x0000000080000000, 0x0000000100000000)
  region size 1024K, 7 young (7168K), 7 survivors (7168K)
 Metaspace       used 108673K, capacity 111787K, committed 112000K, reserved 1146880K
  class space    used 13997K, capacity 15110K, committed 15232K, reserved 1048576K
}
Event: 1709.841 GC heap before
{Heap before GC invocations=67 (full 0):
 garbage-first heap   total 204800K, used 144655K [0x0000000080000000, 0x0000000100000000)
  region size 1024K, 43 young (44032K), 7 survivors (7168K)
 Metaspace       used 110090K, capacity 113248K, committed 113408K, reserved 1146880K
  class space    used 14109K, capacity 15248K, committed 15360K, reserved 1048576K
}
Event: 1709.913 GC heap after
{Heap after GC invocations=68 (full 0):
 garbage-first heap   total 204800K, used 111890K [0x0000000080000000, 0x0000000100000000)
  region size 1024K, 4 young (4096K), 4 survivors (4096K)
 Metaspace       used 110090K, capacity 113248K, committed 113408K, reserved 1146880K
  class space    used 14109K, capacity 15248K, committed 15360K, reserved 1048576K
}
Event: 1710.836 GC heap before
{Heap before GC invocations=68 (full 0):
 garbage-first heap   total 204800K, used 158994K [0x0000000080000000, 0x0000000100000000)
  region size 1024K, 51 young (52224K), 4 survivors (4096K)
 Metaspace       used 111852K, capacity 115040K, committed 115072K, reserved 1148928K
  class space    used 14343K, capacity 15478K, committed 15488K, reserved 1048576K
}
Event: 1710.858 GC heap after
{Heap after GC invocations=69 (full 0):
 garbage-first heap   total 204800K, used 112896K [0x0000000080000000, 0x0000000100000000)
  region size 1024K, 5 young (5120K), 5 survivors (5120K)
 Metaspace       used 111852K, capacity 115040K, committed 115072K, reserved 1148928K
  class space    used 14343K, capacity 15478K, committed 15488K, reserved 1048576K
}
Event: 1713.233 GC heap before
{Heap before GC invocations=70 (full 0):
 garbage-first heap   total 204800K, used 150784K [0x0000000080000000, 0x0000000100000000)
  region size 1024K, 42 young (43008K), 5 survivors (5120K)
 Metaspace       used 114520K, capacity 117597K, committed 118016K, reserved 1150976K
  class space    used 14637K, capacity 15777K, committed 15872K, reserved 1048576K
}
Event: 1713.332 GC heap after
{Heap after GC invocations=71 (full 0):
 garbage-first heap   total 204800K, used 119735K [0x0000000080000000, 0x0000000100000000)
  region size 1024K, 7 young (7168K), 7 survivors (7168K)
 Metaspace       used 114520K, capacity 117597K, committed 118016K, reserved 1150976K
  class space    used 14637K, capacity 15777K, committed 15872K, reserved 1048576K
}
Event: 1715.198 GC heap before
{Heap before GC invocations=72 (full 0):
 garbage-first heap   total 204800K, used 169911K [0x0000000080000000, 0x0000000100000000)
  region size 1024K, 53 young (54272K), 7 survivors (7168K)
 Metaspace       used 116944K, capacity 120081K, committed 120320K, reserved 1153024K
  class space    used 15130K, capacity 16307K, committed 16384K, reserved 1048576K
}
Event: 1715.413 GC heap after
{Heap after GC invocations=73 (full 0):
 garbage-first heap   total 204800K, used 136446K [0x0000000080000000, 0x0000000100000000)
  region size 1024K, 7 young (7168K), 7 survivors (7168K)
 Metaspace       used 116944K, capacity 120081K, committed 120320K, reserved 1153024K
  class space    used 15130K, capacity 16307K, committed 16384K, reserved 1048576K
}
Event: 1715.802 GC heap before
{Heap before GC invocations=73 (full 0):
 garbage-first heap   total 204800K, used 140542K [0x0000000080000000, 0x0000000100000000)
  region size 1024K, 11 young (11264K), 7 survivors (7168K)
 Metaspace       used 117914K, capacity 121169K, committed 121472K, reserved 1155072K
  class space    used 15272K, capacity 16455K, committed 16512K, reserved 1048576K
}
Event: 1715.862 GC heap after
{Heap after GC invocations=74 (full 0):
 garbage-first heap   total 204800K, used 138946K [0x0000000080000000, 0x0000000100000000)
  region size 1024K, 2 young (2048K), 2 survivors (2048K)
 Metaspace       used 117914K, capacity 121169K, committed 121472K, reserved 1155072K
  class space    used 15272K, capacity 16455K, committed 16512K, reserved 1048576K
}

