# JRE version: OpenJDK Runtime Environment (11.0.10) (build 11.0.10+0-b96-7249189)
# Java VM: OpenJDK 64-Bit Server VM (11.0.10+0-b96-7249189, mixed mode, tiered, compressed oops, g1 gc, windows-amd64)
Heap:
 garbage-first heap   total 731136K, used 175488K [0x0000000080000000, 0x0000000100000000)
  region size 1024K, 4 young (4096K), 4 survivors (4096K)
 Metaspace       used 139595K, capacity 144299K, committed 144512K, reserved 1175552K
  class space    used 17476K, capacity 19204K, committed 19328K, reserved 1048576K
GC Heap History (20 events):
Event: 1866.059 GC heap after
{Heap after GC invocations=144 (full 0):
 garbage-first heap   total 450560K, used 160133K [0x0000000080000000, 0x0000000100000000)
  region size 1024K, 4 young (4096K), 4 survivors (4096K)
 Metaspace       used 132132K, capacity 136200K, committed 136448K, reserved 1167360K
  class space    used 16368K, capacity 17813K, committed 17920K, reserved 1048576K
}
Event: 1866.263 GC heap before
{Heap before GC invocations=144 (full 0):
 garbage-first heap   total 450560K, used 187781K [0x0000000080000000, 0x0000000100000000)
  region size 1024K, 32 young (32768K), 4 survivors (4096K)
 Metaspace       used 132607K, capacity 136825K, committed 137088K, reserved 1169408K
  class space    used 16469K, capacity 17983K, committed 18048K, reserved 1048576K
}
Event: 1866.302 GC heap after
{Heap after GC invocations=145 (full 0):
 garbage-first heap   total 450560K, used 165704K [0x0000000080000000, 0x0000000100000000)
  region size 1024K, 4 young (4096K), 4 survivors (4096K)
 Metaspace       used 132607K, capacity 136825K, committed 137088K, reserved 1169408K
  class space    used 16469K, capacity 17983K, committed 18048K, reserved 1048576K
}
Event: 1867.853 GC heap before
{Heap before GC invocations=145 (full 0):
 garbage-first heap   total 450560K, used 197448K [0x0000000080000000, 0x0000000100000000)
  region size 1024K, 36 young (36864K), 4 survivors (4096K)
 Metaspace       used 133472K, capacity 137781K, committed 138112K, reserved 1169408K
  class space    used 16642K, capacity 18200K, committed 18304K, reserved 1048576K
}
Event: 1867.998 GC heap after
{Heap after GC invocations=146 (full 0):
 garbage-first heap   total 450560K, used 171955K [0x0000000080000000, 0x0000000100000000)
  region size 1024K, 5 young (5120K), 5 survivors (5120K)
 Metaspace       used 133472K, capacity 137781K, committed 138112K, reserved 1169408K
  class space    used 16642K, capacity 18200K, committed 18304K, reserved 1048576K
}
Event: 1870.173 GC heap before
{Heap before GC invocations=146 (full 0):
 garbage-first heap   total 450560K, used 206771K [0x0000000080000000, 0x0000000100000000)
  region size 1024K, 39 young (39936K), 5 survivors (5120K)
 Metaspace       used 136660K, capacity 141102K, committed 141184K, reserved 1171456K
  class space    used 17163K, capacity 18770K, committed 18816K, reserved 1048576K
}
Event: 1870.286 GC heap after
{Heap after GC invocations=147 (full 0):
 garbage-first heap   total 517120K, used 173530K [0x0000000080000000, 0x0000000100000000)
  region size 1024K, 2 young (2048K), 2 survivors (2048K)
 Metaspace       used 136660K, capacity 141102K, committed 141184K, reserved 1171456K
  class space    used 17163K, capacity 18770K, committed 18816K, reserved 1048576K
}
Event: 1870.702 GC heap before
{Heap before GC invocations=147 (full 0):
 garbage-first heap   total 517120K, used 215514K [0x0000000080000000, 0x0000000100000000)
  region size 1024K, 43 young (44032K), 2 survivors (2048K)
 Metaspace       used 137532K, capacity 142067K, committed 142336K, reserved 1173504K
  class space    used 17278K, capacity 18920K, committed 18944K, reserved 1048576K
}
Event: 1870.747 GC heap after
{Heap after GC invocations=148 (full 0):
 garbage-first heap   total 517120K, used 173129K [0x0000000080000000, 0x0000000100000000)
  region size 1024K, 1 young (1024K), 1 survivors (1024K)
 Metaspace       used 137532K, capacity 142067K, committed 142336K, reserved 1173504K
  class space    used 17278K, capacity 18920K, committed 18944K, reserved 1048576K
}
Event: 1871.280 GC heap before
{Heap before GC invocations=148 (full 0):
 garbage-first heap   total 517120K, used 227401K [0x0000000080000000, 0x0000000100000000)
  region size 1024K, 54 young (55296K), 1 survivors (1024K)
 Metaspace       used 137961K, capacity 142471K, committed 142720K, reserved 1173504K
  class space    used 17310K, capacity 18948K, committed 19072K, reserved 1048576K
}
Event: 1871.349 GC heap after
{Heap after GC invocations=149 (full 0):
 garbage-first heap   total 517120K, used 173434K [0x0000000080000000, 0x0000000100000000)
  region size 1024K, 2 young (2048K), 2 survivors (2048K)
 Metaspace       used 137961K, capacity 142471K, committed 142720K, reserved 1173504K
  class space    used 17310K, capacity 18948K, committed 19072K, reserved 1048576K
}
Event: 1873.429 GC heap before
{Heap before GC invocations=149 (full 0):
 garbage-first heap   total 517120K, used 244090K [0x0000000080000000, 0x0000000100000000)
  region size 1024K, 71 young (72704K), 2 survivors (2048K)
 Metaspace       used 138387K, capacity 142958K, committed 143232K, reserved 1173504K
  class space    used 17370K, capacity 19046K, committed 19072K, reserved 1048576K
}
Event: 1873.535 GC heap after
{Heap after GC invocations=150 (full 0):
 garbage-first heap   total 517120K, used 173865K [0x0000000080000000, 0x0000000100000000)
  region size 1024K, 2 young (2048K), 2 survivors (2048K)
 Metaspace       used 138387K, capacity 142958K, committed 143232K, reserved 1173504K
  class space    used 17370K, capacity 19046K, committed 19072K, reserved 1048576K
}
Event: 1874.896 GC heap before
{Heap before GC invocations=150 (full 0):
 garbage-first heap   total 517120K, used 232233K [0x0000000080000000, 0x0000000100000000)
  region size 1024K, 60 young (61440K), 2 survivors (2048K)
 Metaspace       used 139368K, capacity 144059K, committed 144128K, reserved 1173504K
  class space    used 17470K, capacity 19171K, committed 19200K, reserved 1048576K
}
Event: 1875.043 GC heap after
{Heap after GC invocations=151 (full 0):
 garbage-first heap   total 517120K, used 174987K [0x0000000080000000, 0x0000000100000000)
  region size 1024K, 3 young (3072K), 3 survivors (3072K)
 Metaspace       used 139368K, capacity 144059K, committed 144128K, reserved 1173504K
  class space    used 17470K, capacity 19171K, committed 19200K, reserved 1048576K
}
Event: 1875.755 GC heap before
{Heap before GC invocations=151 (full 0):
 garbage-first heap   total 517120K, used 234379K [0x0000000080000000, 0x0000000100000000)
  region size 1024K, 61 young (62464K), 3 survivors (3072K)
 Metaspace       used 139515K, capacity 144228K, committed 144512K, reserved 1175552K
  class space    used 17476K, capacity 19204K, committed 19328K, reserved 1048576K
}
Event: 1875.882 GC heap after
{Heap after GC invocations=152 (full 0):
 garbage-first heap   total 517120K, used 174107K [0x0000000080000000, 0x0000000100000000)
  region size 1024K, 2 young (2048K), 2 survivors (2048K)
 Metaspace       used 139515K, capacity 144228K, committed 144512K, reserved 1175552K
  class space    used 17476K, capacity 19204K, committed 19328K, reserved 1048576K
}
Event: 1876.592 GC heap before
{Heap before GC invocations=152 (full 0):
 garbage-first heap   total 517120K, used 234523K [0x0000000080000000, 0x0000000100000000)
  region size 1024K, 61 young (62464K), 2 survivors (2048K)
 Metaspace       used 139563K, capacity 144294K, committed 144512K, reserved 1175552K
  class space    used 17476K, capacity 19204K, committed 19328K, reserved 1048576K
}
Event: 1876.724 GC heap after
{Heap after GC invocations=153 (full 0):
 garbage-first heap   total 517120K, used 175860K [0x0000000080000000, 0x0000000100000000)
  region size 1024K, 4 young (4096K), 4 survivors (4096K)
 Metaspace       used 139563K, capacity 144294K, committed 144512K, reserved 1175552K
  class space    used 17476K, capacity 19204K, committed 19328K, reserved 1048576K
}
Event: 1877.280 GC heap before
{Heap before GC invocations=153 (full 0):
 garbage-first heap   total 517120K, used 236276K [0x0000000080000000, 0x0000000100000000)
  region size 1024K, 64 young (65536K), 4 survivors (4096K)
 Metaspace       used 139595K, capacity 144299K, committed 144512K, reserved 1175552K
  class space    used 17476K, capacity 19204K, committed 19328K, reserved 1048576K
}

