# JRE version: OpenJDK Runtime Environment (11.0.10) (build 11.0.10+0-b96-7249189)
# Java VM: OpenJDK 64-Bit Server VM (11.0.10+0-b96-7249189, mixed mode, tiered, compressed oops, g1 gc, windows-amd64)
Heap:
 garbage-first heap   total 562176K, used 132289K [0x0000000080000000, 0x0000000100000000)
  region size 1024K, 17 young (17408K), 12 survivors (12288K)
 Metaspace       used 133517K, capacity 137293K, committed 137600K, reserved 1169408K
  class space    used 16286K, capacity 17755K, committed 18048K, reserved 1048576K
GC Heap History (20 events):
Event: 4452.395 GC heap before
{Heap before GC invocations=181 (full 0):
 garbage-first heap   total 195584K, used 163939K [0x0000000080000000, 0x0000000100000000)
  region size 1024K, 45 young (46080K), 4 survivors (4096K)
 Metaspace       used 132944K, capacity 136733K, committed 137344K, reserved 1169408K
  class space    used 16263K, capacity 17698K, committed 18048K, reserved 1048576K
}
Event: 4452.458 GC heap after
{Heap after GC invocations=182 (full 0):
 garbage-first heap   total 195584K, used 122378K [0x0000000080000000, 0x0000000100000000)
  region size 1024K, 2 young (2048K), 2 survivors (2048K)
 Metaspace       used 132944K, capacity 136733K, committed 137344K, reserved 1169408K
  class space    used 16263K, capacity 17698K, committed 18048K, reserved 1048576K
}
Event: 4452.496 GC heap before
{Heap before GC invocations=182 (full 0):
 garbage-first heap   total 195584K, used 129546K [0x0000000080000000, 0x0000000100000000)
  region size 1024K, 9 young (9216K), 2 survivors (2048K)
 Metaspace       used 132945K, capacity 136733K, committed 137344K, reserved 1169408K
  class space    used 16263K, capacity 17698K, committed 18048K, reserved 1048576K
}
Event: 4452.750 GC heap after
{Heap after GC invocations=183 (full 0):
 garbage-first heap   total 195584K, used 118316K [0x0000000080000000, 0x0000000100000000)
  region size 1024K, 2 young (2048K), 2 survivors (2048K)
 Metaspace       used 132945K, capacity 136733K, committed 137344K, reserved 1169408K
  class space    used 16263K, capacity 17698K, committed 18048K, reserved 1048576K
}
Event: 4452.979 GC heap before
{Heap before GC invocations=183 (full 0):
 garbage-first heap   total 195584K, used 163372K [0x0000000080000000, 0x0000000100000000)
  region size 1024K, 46 young (47104K), 2 survivors (2048K)
 Metaspace       used 132956K, capacity 136734K, committed 137344K, reserved 1169408K
  class space    used 16263K, capacity 17698K, committed 18048K, reserved 1048576K
}
Event: 4453.065 GC heap after
{Heap after GC invocations=184 (full 0):
 garbage-first heap   total 415744K, used 118102K [0x0000000080000000, 0x0000000100000000)
  region size 1024K, 2 young (2048K), 2 survivors (2048K)
 Metaspace       used 132956K, capacity 136734K, committed 137344K, reserved 1169408K
  class space    used 16263K, capacity 17698K, committed 18048K, reserved 1048576K
}
Event: 4454.031 GC heap before
{Heap before GC invocations=184 (full 0):
 garbage-first heap   total 415744K, used 214358K [0x0000000080000000, 0x0000000100000000)
  region size 1024K, 96 young (98304K), 2 survivors (2048K)
 Metaspace       used 133023K, capacity 136851K, committed 137344K, reserved 1169408K
  class space    used 16270K, capacity 17736K, committed 18048K, reserved 1048576K
}
Event: 4454.073 GC heap after
{Heap after GC invocations=185 (full 0):
 garbage-first heap   total 415744K, used 120108K [0x0000000080000000, 0x0000000100000000)
  region size 1024K, 4 young (4096K), 4 survivors (4096K)
 Metaspace       used 133023K, capacity 136851K, committed 137344K, reserved 1169408K
  class space    used 16270K, capacity 17736K, committed 18048K, reserved 1048576K
}
Event: 4455.005 GC heap before
{Heap before GC invocations=186 (full 0):
 garbage-first heap   total 415744K, used 254252K [0x0000000080000000, 0x0000000100000000)
  region size 1024K, 136 young (139264K), 4 survivors (4096K)
 Metaspace       used 133119K, capacity 136935K, committed 137344K, reserved 1169408K
  class space    used 16271K, capacity 17736K, committed 18048K, reserved 1048576K
}
Event: 4455.044 GC heap after
{Heap after GC invocations=187 (full 0):
 garbage-first heap   total 415744K, used 124507K [0x0000000080000000, 0x0000000100000000)
  region size 1024K, 8 young (8192K), 8 survivors (8192K)
 Metaspace       used 133119K, capacity 136935K, committed 137344K, reserved 1169408K
  class space    used 16271K, capacity 17736K, committed 18048K, reserved 1048576K
}
Event: 4455.815 GC heap before
{Heap before GC invocations=187 (full 0):
 garbage-first heap   total 415744K, used 294491K [0x0000000080000000, 0x0000000100000000)
  region size 1024K, 175 young (179200K), 8 survivors (8192K)
 Metaspace       used 133221K, capacity 137029K, committed 137344K, reserved 1169408K
  class space    used 16275K, capacity 17743K, committed 18048K, reserved 1048576K
}
Event: 4455.842 GC heap after
{Heap after GC invocations=188 (full 0):
 garbage-first heap   total 415744K, used 124213K [0x0000000080000000, 0x0000000100000000)
  region size 1024K, 8 young (8192K), 8 survivors (8192K)
 Metaspace       used 133221K, capacity 137029K, committed 137344K, reserved 1169408K
  class space    used 16275K, capacity 17743K, committed 18048K, reserved 1048576K
}
Event: 4456.894 GC heap before
{Heap before GC invocations=188 (full 0):
 garbage-first heap   total 415744K, used 331061K [0x0000000080000000, 0x0000000100000000)
  region size 1024K, 211 young (216064K), 8 survivors (8192K)
 Metaspace       used 133356K, capacity 137139K, committed 137600K, reserved 1169408K
  class space    used 16282K, capacity 17749K, committed 18048K, reserved 1048576K
}
Event: 4456.979 GC heap after
{Heap after GC invocations=189 (full 0):
 garbage-first heap   total 562176K, used 125023K [0x0000000080000000, 0x0000000100000000)
  region size 1024K, 9 young (9216K), 9 survivors (9216K)
 Metaspace       used 133356K, capacity 137139K, committed 137600K, reserved 1169408K
  class space    used 16282K, capacity 17749K, committed 18048K, reserved 1048576K
}
Event: 4461.220 GC heap before
{Heap before GC invocations=190 (full 0):
 garbage-first heap   total 562176K, used 424031K [0x0000000080000000, 0x0000000100000000)
  region size 1024K, 302 young (309248K), 9 survivors (9216K)
 Metaspace       used 133417K, capacity 137209K, committed 137600K, reserved 1169408K
  class space    used 16283K, capacity 17750K, committed 18048K, reserved 1048576K
}
Event: 4461.331 GC heap after
{Heap after GC invocations=191 (full 0):
 garbage-first heap   total 562176K, used 130134K [0x0000000080000000, 0x0000000100000000)
  region size 1024K, 14 young (14336K), 14 survivors (14336K)
 Metaspace       used 133417K, capacity 137209K, committed 137600K, reserved 1169408K
  class space    used 16283K, capacity 17750K, committed 18048K, reserved 1048576K
}
Event: 4465.852 GC heap before
{Heap before GC invocations=191 (full 0):
 garbage-first heap   total 562176K, used 452694K [0x0000000080000000, 0x0000000100000000)
  region size 1024K, 329 young (336896K), 14 survivors (14336K)
 Metaspace       used 133464K, capacity 137276K, committed 137600K, reserved 1169408K
  class space    used 16284K, capacity 17750K, committed 18048K, reserved 1048576K
}
Event: 4466.464 GC heap after
{Heap after GC invocations=192 (full 0):
 garbage-first heap   total 562176K, used 130780K [0x0000000080000000, 0x0000000100000000)
  region size 1024K, 14 young (14336K), 14 survivors (14336K)
 Metaspace       used 133464K, capacity 137276K, committed 137600K, reserved 1169408K
  class space    used 16284K, capacity 17750K, committed 18048K, reserved 1048576K
}
Event: 4473.912 GC heap before
{Heap before GC invocations=193 (full 0):
 garbage-first heap   total 562176K, used 419548K [0x0000000080000000, 0x0000000100000000)
  region size 1024K, 295 young (302080K), 14 survivors (14336K)
 Metaspace       used 133517K, capacity 137293K, committed 137600K, reserved 1169408K
  class space    used 16286K, capacity 17755K, committed 18048K, reserved 1048576K
}
Event: 4474.341 GC heap after
{Heap after GC invocations=194 (full 0):
 garbage-first heap   total 562176K, used 128193K [0x0000000080000000, 0x0000000100000000)
  region size 1024K, 12 young (12288K), 12 survivors (12288K)
 Metaspace       used 133517K, capacity 137293K, committed 137600K, reserved 1169408K
  class space    used 16286K, capacity 17755K, committed 18048K, reserved 1048576K
}

